SF:/mnt/c/Users/Bera/Desktop/ce103-midterm-ahmetbera-celik-enes-koy/src/hospitalsystem/header/hospitalsystem.h
DA:8,0
DA:9,0
DA:10,0
DA:11,0
DA:12,0
DA:13,0
DA:14,0
DA:6,0
DA:4,0
DA:17,0
DA:19,0
DA:21,0
DA:22,0
DA:23,0
DA:24,0
DA:25,0
DA:26,0
DA:28,0
DA:29,0
DA:30,0
DA:32,0
DA:1,0
end_of_record
SF:/mnt/c/Users/Bera/Desktop/ce103-midterm-ahmetbera-celik-enes-koy/src/utility/header/mathUtility.h
DA:33,1
DA:45,1
DA:59,1
DA:72,1
DA:20,1
DA:12,0
DA:14,0
DA:1,1
end_of_record
SF:/mnt/c/Users/Bera/Desktop/ce103-midterm-ahmetbera-celik-enes-koy/README.md
DA:1,0
end_of_record
SF:/mnt/c/Users/Bera/Desktop/ce103-midterm-ahmetbera-celik-enes-koy/src/hospitalsystem/src/hospitalsystem.cpp
DA:6,0
DA:8,0
DA:14,0
DA:64,0
DA:87,0
DA:149,0
DA:489,0
DA:570,0
DA:651,0
DA:754,0
DA:825,0
DA:964,0
DA:1,0
end_of_record
SF:/mnt/c/Users/Bera/Desktop/ce103-midterm-ahmetbera-celik-enes-koy/src/hospitalsystemapp/header/hospitalsystemapp.h
DA:1,1
end_of_record
SF:/mnt/c/Users/Bera/Desktop/ce103-midterm-ahmetbera-celik-enes-koy/src/hospitalsystemapp/src/hospitalsystemapp.cpp
DA:7,0
DA:1,0
end_of_record
SF:/mnt/c/Users/Bera/Desktop/ce103-midterm-ahmetbera-celik-enes-koy/src/utility/header/commonTypes.h
DA:1,1
end_of_record
SF:/mnt/c/Users/Bera/Desktop/ce103-midterm-ahmetbera-celik-enes-koy/src/utility/src/mathUtility.cpp
DA:1,1
end_of_record
