<?xml version="1.0" encoding="UTF-8"?>
<testsuite name="(empty)"
	tests="3"
	failures="0"
	disabled="0"
	skipped="3"
	hostname=""
	time="0"
	timestamp="2023-11-17T00:56:43"
	>
	<testcase name="utility_tests_NOT_BUILT" classname="utility_tests_NOT_BUILT" time="0" status="notrun">
		<skipped message="Unable to find executable"/>
		<system-out>Unable to find executable: utility_tests_NOT_BUILT</system-out>
	</testcase>
	<testcase name="utility_tests" classname="utility_tests" time="0" status="notrun">
		<skipped message="Unable to find executable"/>
		<system-out>Unable to find executable: /mnt/c/Users/Bera/Desktop/ce103-midterm-ahmetbera-celik-enes-koy/build_linux/build/Debug/utility_tests</system-out>
	</testcase>
	<testcase name="hospitalsystem_tests_NOT_BUILT" classname="hospitalsystem_tests_NOT_BUILT" time="0" status="notrun">
		<skipped message="Unable to find executable"/>
		<system-out>Unable to find executable: hospitalsystem_tests_NOT_BUILT</system-out>
	</testcase>
</testsuite>
