SF:/mnt/c/Users/Bera/Desktop/ce103-midterm-ahmetbera-celik-enes-koy/src/tests/utility/utility_test.cpp
DA:21,0
DA:25,0
DA:19,0
DA:17,0
DA:32,0
DA:45,0
DA:57,0
DA:69,0
DA:81,0
DA:93,0
DA:105,0
DA:119,0
DA:137,1
DA:1,0
end_of_record
SF:/mnt/c/Users/Bera/Desktop/ce103-midterm-ahmetbera-celik-enes-koy/[generated]
DA:1,0
end_of_record
SF:/mnt/c/Users/Bera/Desktop/ce103-midterm-ahmetbera-celik-enes-koy/README.md
DA:1,0
end_of_record
SF:/mnt/c/Users/Bera/Desktop/ce103-midterm-ahmetbera-celik-enes-koy/src/tests/hospitalsystem/hospitalsystem_test.cpp
DA:1,0
DA:8,0
DA:16,0
DA:25,0
DA:34,0
DA:43,0
DA:53,0
DA:61,0
DA:69,0
DA:77,0
DA:85,0
DA:93,0
DA:101,0
end_of_record
